0 verbose cli C:\Program Files\nodejs\node.exe C:\Users\aripi\AppData\Roaming\npm\node_modules\npm\bin\npm-cli.js
1 info using npm@10.8.2
2 info using node@v20.15.1
3 silly config load:file:C:\Users\aripi\AppData\Roaming\npm\node_modules\npm\npmrc
4 silly config load:file:C:\Users\aripi\OneDrive\Desktop\Documents\Coursework\planetsrus\.npmrc
5 silly config load:file:C:\Users\aripi\.npmrc
6 silly config load:file:C:\Users\aripi\AppData\Roaming\npm\etc\npmrc
7 verbose title npm cache clean
8 verbose argv "cache" "clean" "--force"
9 verbose logfile logs-max:10 dir:C:\Users\aripi\OneDrive\Desktop\Documents\Coursework\planetsrus\tmpnodejsnpm-cache\_logs\2024-08-16T00_19_11_011Z-
10 verbose logfile C:\Users\aripi\OneDrive\Desktop\Documents\Coursework\planetsrus\tmpnodejsnpm-cache\_logs\2024-08-16T00_19_11_011Z-debug-0.log
11 warn using --force Recommended protections disabled.
12 silly logfile start cleaning logs, removing 1 files
13 silly logfile done cleaning log files
14 verbose cwd C:\Users\aripi\OneDrive\Desktop\Documents\Coursework\planetsrus
15 verbose os Windows_NT 10.0.22631
16 verbose node v20.15.1
17 verbose npm  v10.8.2
18 verbose exit 0
19 info ok
